<?xml version="1.0" encoding="UTF-8"?>
<testng-results skipped="0" failed="1" ignored="0" total="1" passed="0">
  <reporter-output>
  </reporter-output>
  <suite name="Default suite" duration-ms="743" started-at="2020-04-22T11:30:25Z" finished-at="2020-04-22T11:30:25Z">
    <groups>
    </groups>
    <test name="Default test" duration-ms="743" started-at="2020-04-22T11:30:25Z" finished-at="2020-04-22T11:30:25Z">
      <class name="com.TC01_Get">
        <test-method status="FAIL" signature="testCase2()[pri:0, instance:com.TC01_Get@6767c1fc]" name="testCase2" duration-ms="693" started-at="2020-04-22T11:30:25Z" finished-at="2020-04-22T11:30:25Z">
          <exception class="java.lang.NoClassDefFoundError">
            <message>
              <![CDATA[org/hamcrest/core/CombinableMatcher]]>
            </message>
            <full-stacktrace>
              <![CDATA[java.lang.NoClassDefFoundError: org/hamcrest/core/CombinableMatcher
at java.lang.ClassLoader.defineClass1(Native Method)
at java.lang.ClassLoader.defineClass(ClassLoader.java:763)
at java.security.SecureClassLoader.defineClass(SecureClassLoader.java:142)
at java.net.URLClassLoader.defineClass(URLClassLoader.java:467)
at java.net.URLClassLoader.access$100(URLClassLoader.java:73)
at java.net.URLClassLoader$1.run(URLClassLoader.java:368)
at java.net.URLClassLoader$1.run(URLClassLoader.java:362)
at java.security.AccessController.doPrivileged(Native Method)
at java.net.URLClassLoader.findClass(URLClassLoader.java:361)
at java.lang.ClassLoader.loadClass(ClassLoader.java:424)
at sun.misc.Launcher$AppClassLoader.loadClass(Launcher.java:335)
at java.lang.ClassLoader.loadClass(ClassLoader.java:357)
at java.lang.Class.getDeclaredMethods0(Native Method)
at java.lang.Class.privateGetDeclaredMethods(Class.java:2701)
at java.lang.Class.privateGetPublicMethods(Class.java:2902)
at java.lang.Class.getMethods(Class.java:1615)
at java.beans.Introspector.getPublicDeclaredMethods(Introspector.java:1336)
at java.beans.Introspector.getTargetMethodInfo(Introspector.java:1197)
at java.beans.Introspector.getBeanInfo(Introspector.java:426)
at java.beans.Introspector.getBeanInfo(Introspector.java:173)
at groovy.lang.MetaClassImpl$15.run(MetaClassImpl.java:3356)
at java.security.AccessController.doPrivileged(Native Method)
at groovy.lang.MetaClassImpl.addProperties(MetaClassImpl.java:3354)
at groovy.lang.MetaClassImpl.initialize(MetaClassImpl.java:3331)
at org.codehaus.groovy.reflection.ClassInfo.getMetaClassUnderLock(ClassInfo.java:287)
at org.codehaus.groovy.reflection.ClassInfo.getMetaClass(ClassInfo.java:329)
at io.restassured.internal.ResponseSpecificationImpl.$getStaticMetaClass(ResponseSpecificationImpl.groovy)
at io.restassured.internal.ResponseSpecificationImpl.<init>(ResponseSpecificationImpl.groovy:53)
at io.restassured.internal.ResponseSpecificationImpl.<init>(ResponseSpecificationImpl.groovy:69)
at io.restassured.RestAssured.createTestSpecification(RestAssured.java:1462)
at io.restassured.RestAssured.given(RestAssured.java:663)
at com.TC01_Get.testCase2(TC01_Get.java:99)
at sun.reflect.NativeMethodAccessorImpl.invoke0(Native Method)
at sun.reflect.NativeMethodAccessorImpl.invoke(NativeMethodAccessorImpl.java:62)
at sun.reflect.DelegatingMethodAccessorImpl.invoke(DelegatingMethodAccessorImpl.java:43)
at java.lang.reflect.Method.invoke(Method.java:498)
at org.testng.internal.MethodInvocationHelper.invokeMethod(MethodInvocationHelper.java:124)
at org.testng.internal.Invoker.invokeMethod(Invoker.java:583)
at org.testng.internal.Invoker.invokeTestMethod(Invoker.java:719)
at org.testng.internal.Invoker.invokeTestMethods(Invoker.java:989)
at org.testng.internal.TestMethodWorker.invokeTestMethods(TestMethodWorker.java:125)
at org.testng.internal.TestMethodWorker.run(TestMethodWorker.java:109)
at org.testng.TestRunner.privateRun(TestRunner.java:648)
at org.testng.TestRunner.run(TestRunner.java:505)
at org.testng.SuiteRunner.runTest(SuiteRunner.java:455)
at org.testng.SuiteRunner.runSequentially(SuiteRunner.java:450)
at org.testng.SuiteRunner.privateRun(SuiteRunner.java:415)
at org.testng.SuiteRunner.run(SuiteRunner.java:364)
at org.testng.SuiteRunnerWorker.runSuite(SuiteRunnerWorker.java:52)
at org.testng.SuiteRunnerWorker.run(SuiteRunnerWorker.java:84)
at org.testng.TestNG.runSuitesSequentially(TestNG.java:1208)
at org.testng.TestNG.runSuitesLocally(TestNG.java:1137)
at org.testng.TestNG.runSuites(TestNG.java:1049)
at org.testng.TestNG.run(TestNG.java:1017)
at org.testng.remote.AbstractRemoteTestNG.run(AbstractRemoteTestNG.java:114)
at org.testng.remote.RemoteTestNG.initAndRun(RemoteTestNG.java:251)
at org.testng.remote.RemoteTestNG.main(RemoteTestNG.java:77)
Caused by: java.lang.ClassNotFoundException: org.hamcrest.core.CombinableMatcher
at java.net.URLClassLoader.findClass(URLClassLoader.java:381)
at java.lang.ClassLoader.loadClass(ClassLoader.java:424)
at sun.misc.Launcher$AppClassLoader.loadClass(Launcher.java:335)
at java.lang.ClassLoader.loadClass(ClassLoader.java:357)
... 57 more
]]>
            </full-stacktrace>
          </exception> <!-- java.lang.NoClassDefFoundError -->
          <reporter-output>
          </reporter-output>
        </test-method> <!-- testCase2 -->
      </class> <!-- com.TC01_Get -->
    </test> <!-- Default test -->
  </suite> <!-- Default suite -->
</testng-results>
